<?xml version="1.0" encoding="utf-8"?><testsuites name="pytest tests"><testsuite name="pytest" errors="0" failures="0" skipped="0" tests="16" time="6.718" timestamp="2026-09-21T11:13:30.336878+00:00" hostname="agent-env-05713945-3cd0-41e1-a659-4fbef8f4a4aa"><testcase classname="tests.test_iteration8_seo_regression" name="test_health" time="0.274" /><testcase classname="tests.test_iteration8_seo_regression" name="test_services_14" time="0.081" /><testcase classname="tests.test_iteration8_seo_regression" name="test_freelancers_list" time="0.117" /><testcase classname="tests.test_iteration8_seo_regression" name="test_lead_creation" time="0.302" /><testcase classname="tests.test_iteration8_seo_regression" name="test_admin_login_and_me" time="0.377" /><testcase classname="tests.test_iteration8_seo_regression" name="test_admin_login_wrong" time="0.302" /><testcase classname="tests.test_iteration8_seo_regression" name="test_sitemap_index_13_children" time="0.102" /><testcase classname="tests.test_iteration8_seo_regression" name="test_shard_1_has_5000" time="0.162" /><testcase classname="tests.test_iteration8_seo_regression" name="test_shard_11_has_1002" time="0.166" /><testcase classname="tests.test_iteration8_seo_regression" name="test_total_urls_51005" time="2.331" /><testcase classname="tests.test_iteration8_seo_regression" name="test_spot_check_locs_resolve" time="1.237" /><testcase classname="tests.test_iteration8_seo_regression" name="test_frontend_robots_txt" time="0.197" /><testcase classname="tests.test_iteration8_seo_regression" name="test_api_robots_txt" time="0.069" /><testcase classname="tests.test_iteration8_seo_regression" name="test_llms_txt" time="0.118" /><testcase classname="tests.test_iteration8_seo_regression" name="test_seo_manifest" time="0.097" /><testcase classname="tests.test_iteration8_seo_regression" name="test_seo_audit_100" time="0.335" /></testsuite></testsuites>