<?xml version="1.0" encoding="utf-8"?><testsuites name="pytest tests"><testsuite name="pytest" errors="0" failures="0" skipped="3" tests="45" time="8.870" timestamp="2026-09-21T10:40:13.820979+00:00" hostname="agent-env-05713945-3cd0-41e1-a659-4fbef8f4a4aa"><testcase classname="tests.test_erfreelancer_api.TestSEO" name="test_sitemap_index" time="1.673" /><testcase classname="tests.test_erfreelancer_api.TestFreelancers" name="test_search_service_location" time="1.703" /><testcase classname="tests.test_erfreelancer_api.TestSEO" name="test_services_sitemap" time="0.069" /><testcase classname="tests.test_erfreelancer_api.TestFreelancers" name="test_query_filter" time="0.070" /><testcase classname="tests.test_erfreelancer_api.TestSEO" name="test_pages_sitemap_1" time="0.126" /><testcase classname="tests.test_erfreelancer_api.TestFreelancers" name="test_region_india" time="0.073" /><testcase classname="tests.test_erfreelancer_api.TestFreelancers" name="test_founder" time="0.062" /><testcase classname="tests.test_erfreelancer_api.TestSEO" name="test_pages_sitemap_11" time="0.090" /><testcase classname="tests.test_erfreelancer_api.TestFreelancers" name="test_get_raji" time="0.061" /><testcase classname="tests.test_erfreelancer_api.TestSEO" name="test_robots" time="0.066" /><testcase classname="tests.test_erfreelancer_api.TestFreelancers" name="test_freelancer_not_found" time="0.061" /><testcase classname="tests.test_erfreelancer_api.TestSEO" name="test_seo_manifest" time="0.071" /><testcase classname="tests.test_erfreelancer_api.TestProtected" name="test_leads_unauth" time="0.116" /><testcase classname="tests.test_erfreelancer_api.TestSEO" name="test_seo_audit" time="0.070" /><testcase classname="tests.test_erfreelancer_api.TestSEO" name="test_export_locations_csv" time="0.316" /><testcase classname="tests.test_erfreelancer_api.TestProtected" name="test_leads_authed" time="0.367" /><testcase classname="tests.test_erfreelancer_api.TestSEO" name="test_export_pages_csv" time="0.069" /><testcase classname="tests.test_erfreelancer_api.TestProtected" name="test_patch_lead_status_unauth" time="0.000"><skipped type="pytest.skip" message="no lead id">/app/backend/tests/test_erfreelancer_api.py:250: no lead id</skipped></testcase><testcase classname="tests.test_erfreelancer_api.TestProtected" name="test_patch_lead_status_authed" time="0.000"><skipped type="pytest.skip" message="no lead id">/app/backend/tests/test_erfreelancer_api.py:257: no lead id</skipped></testcase><testcase classname="tests.test_erfreelancer_api.TestProtected" name="test_assign_lead" time="0.000"><skipped type="pytest.skip" message="no lead id">/app/backend/tests/test_erfreelancer_api.py:264: no lead id</skipped></testcase><testcase classname="tests.test_erfreelancer_api.TestPipeline" name="test_status" time="0.063" /><testcase classname="tests.test_erfreelancer_api.TestSEO" name="test_completion_report" time="0.067" /><testcase classname="tests.test_erfreelancer_api.TestPipeline" name="test_run_unauth" time="0.142" /><testcase classname="tests.test_erfreelancer_api.TestLocations" name="test_search_laxmi" time="0.071" /><testcase classname="tests.test_erfreelancer_api.TestLocations" name="test_country_india_limit" time="0.069" /><testcase classname="tests.test_erfreelancer_api.TestPipeline" name="test_run_authed" time="1.314" /><testcase classname="tests.test_erfreelancer_api.TestLocations" name="test_near_me" time="0.071" /><testcase classname="tests.test_erfreelancer_api.TestLocations" name="test_manifest_total" time="0.070" /><testcase classname="tests.test_erfreelancer_api.TestLeads" name="test_create_lead" time="0.128" /><testcase classname="tests.test_erfreelancer_api.TestLeads" name="test_duplicate_idempotency" time="0.067" /><testcase classname="tests.test_erfreelancer_api.TestLeads" name="test_lead_missing_fields" time="0.064" /><testcase classname="tests.test_erfreelancer_api.TestAuth" name="test_login_success" time="0.289" /><testcase classname="tests.test_erfreelancer_api.TestAuth" name="test_login_wrong" time="0.294" /><testcase classname="tests.test_erfreelancer_api.TestAuth" name="test_me" time="0.353" /><testcase classname="tests.test_erfreelancer_api.TestPipeline" name="test_pause" time="0.062" /><testcase classname="tests.test_erfreelancer_api.TestHealth" name="test_health" time="0.060" /><testcase classname="tests.test_erfreelancer_api.TestFreelancerRegister" name="test_register_success" time="0.068" /><testcase classname="tests.test_erfreelancer_api.TestHealth" name="test_services" time="0.063" /><testcase classname="tests.test_erfreelancer_api.TestFreelancerRegister" name="test_register_missing_services" time="0.064" /><testcase classname="tests.test_erfreelancer_api.TestHealth" name="test_facts" time="0.065" /><testcase classname="tests.test_erfreelancer_api.TestChat" name="test_chat_message" time="3.418" /><testcase classname="tests.test_erfreelancer_api.TestPages" name="test_resolve" time="0.577" /><testcase classname="tests.test_erfreelancer_api.TestPages" name="test_resolve_404" time="0.061" /><testcase classname="tests.test_erfreelancer_api.TestChat" name="test_chat_finalize" time="0.075" /><testcase classname="tests.test_erfreelancer_api.TestModeration" name="test_register_and_moderate" time="0.372" /></testsuite></testsuites>